Arguments: 
  /Users/bdane/Projects/Neo/n/bin/node /usr/local/Cellar/yarn/1.22.10/libexec/bin/yarn.js init

PATH: 
  /usr/local/opt/tcl-tk/bin:/usr/local/sbin:/usr/local/bin:/usr/bin:/bin:/usr/sbin:/sbin:/opt/X11/bin:/Users/bdane/.antigen/bundles/robbyrussell/oh-my-zsh/lib:/Users/bdane/.antigen/bundles/robbyrussell/oh-my-zsh/plugins/git:/Users/bdane/.antigen/bundles/robbyrussell/oh-my-zsh/plugins/pip:/Users/bdane/.antigen/bundles/robbyrussell/oh-my-zsh/plugins/command-not-found:/Users/bdane/.antigen/bundles/chrissicool/zsh-256color:/Users/bdane/.antigen/bundles/mollifier/anyframe:/Users/bdane/.antigen/bundles/desyncr/auto-ls:/Users/bdane/Projects/Neo/yarn/versions/1.22.5/bin::/Users/bdane/Projects/Neo/n/binexport:/Users/bdane/Projects/Neo/n/bin:/usr/local/opt/fzf/bin

Yarn version: 
  1.22.10

Node version: 
  16.1.0

Platform: 
  darwin x64

Trace: 
  Error: canceled
      at Interface.<anonymous> (/usr/local/Cellar/yarn/1.22.10/libexec/lib/cli.js:137009:13)
      at Interface.emit (node:events:365:28)
      at Interface._ttyWrite (node:readline:998:16)
      at ReadStream.onkeypress (node:readline:262:10)
      at ReadStream.emit (node:events:365:28)
      at emitKeys (node:internal/readline/utils:358:14)
      at emitKeys.next (<anonymous>)
      at ReadStream.onData (node:internal/readline/emitKeypressEvents:61:36)
      at ReadStream.emit (node:events:365:28)
      at addChunk (node:internal/streams/readable:314:12)

npm manifest: 
  No manifest

yarn manifest: 
  No manifest

Lockfile: 
  No lockfile
